<?xml version="1.0" encoding="UTF-8"?>
<testsuite name="JobTest" tests="9" skipped="0" failures="0" errors="0" timestamp="2022-04-13T14:51:10" hostname="DESKTOP-96OUJFA" time="0.078">
  <properties/>
  <testcase name="testFullIdentificationSuccess()" classname="JobTest" time="0.036"/>
  <testcase name="testCalculateSuccess()" classname="JobTest" time="0.008"/>
  <testcase name="testJobArrayList()" classname="JobTest" time="0.002"/>
  <testcase name="testGetDayByNumberSuccess()" classname="JobTest" time="0.001"/>
  <testcase name="testGetDayByNumberError()" classname="JobTest" time="0.001"/>
  <testcase name="assertEqualIsTrue()" classname="JobTest" time="0.002"/>
  <testcase name="testGetDayNumberFailed()" classname="JobTest" time="0.001"/>
  <testcase name="testStringLength()" classname="JobTest" time="0.02"/>
  <testcase name="assert Equal IsError()" classname="JobTest" time="0.001"/>
  <system-out><![CDATA[]]></system-out>
  <system-err><![CDATA[]]></system-err>
</testsuite>
